Release 14.7 - xst P.20131013 (lin64)
Copyright (c) 1995-2013 Xilinx, Inc.  All rights reserved.
--> 
Parameter TMPDIR set to xst/projnav.tmp


Total REAL time to Xst completion: 0.00 secs
Total CPU time to Xst completion: 0.04 secs
 
--> 
Parameter xsthdpdir set to xst


Total REAL time to Xst completion: 0.00 secs
Total CPU time to Xst completion: 0.04 secs
 
--> 
Reading design: PongWithCRTDriverAJM.prj

TABLE OF CONTENTS
  1) Synthesis Options Summary
  2) HDL Parsing
  3) HDL Elaboration
  4) HDL Synthesis
       4.1) HDL Synthesis Report
  5) Advanced HDL Synthesis
       5.1) Advanced HDL Synthesis Report
  6) Low Level Synthesis
  7) Partition Report
  8) Design Summary
       8.1) Primitive and Black Box Usage
       8.2) Device utilization summary
       8.3) Partition Resource Summary
       8.4) Timing Report
            8.4.1) Clock Information
            8.4.2) Asynchronous Control Signals Information
            8.4.3) Timing Summary
            8.4.4) Timing Details
            8.4.5) Cross Clock Domains Report


=========================================================================
*                      Synthesis Options Summary                        *
=========================================================================
---- Source Parameters
Input File Name                    : "PongWithCRTDriverAJM.prj"
Ignore Synthesis Constraint File   : NO

---- Target Parameters
Output File Name                   : "PongWithCRTDriverAJM"
Output Format                      : NGC
Target Device                      : xc6slx16-3-csg324

---- Source Options
Top Module Name                    : PongWithCRTDriverAJM
Automatic FSM Extraction           : YES
FSM Encoding Algorithm             : Auto
Safe Implementation                : No
FSM Style                          : LUT
RAM Extraction                     : Yes
RAM Style                          : Auto
ROM Extraction                     : Yes
Shift Register Extraction          : YES
ROM Style                          : Auto
Resource Sharing                   : YES
Asynchronous To Synchronous        : NO
Shift Register Minimum Size        : 2
Use DSP Block                      : Auto
Automatic Register Balancing       : No

---- Target Options
LUT Combining                      : Auto
Reduce Control Sets                : Auto
Add IO Buffers                     : YES
Global Maximum Fanout              : 100000
Add Generic Clock Buffer(BUFG)     : 16
Register Duplication               : YES
Optimize Instantiated Primitives   : NO
Use Clock Enable                   : Auto
Use Synchronous Set                : Auto
Use Synchronous Reset              : Auto
Pack IO Registers into IOBs        : Auto
Equivalent register Removal        : YES

---- General Options
Optimization Goal                  : Speed
Optimization Effort                : 1
Power Reduction                    : NO
Keep Hierarchy                     : No
Netlist Hierarchy                  : As_Optimized
RTL Output                         : Yes
Global Optimization                : AllClockNets
Read Cores                         : YES
Write Timing Constraints           : NO
Cross Clock Analysis               : NO
Hierarchy Separator                : /
Bus Delimiter                      : <>
Case Specifier                     : Maintain
Slice Utilization Ratio            : 100
BRAM Utilization Ratio             : 100
DSP48 Utilization Ratio            : 100
Auto BRAM Packing                  : NO
Slice Utilization Ratio Delta      : 5

=========================================================================


=========================================================================
*                          HDL Parsing                                  *
=========================================================================
Analyzing Verilog file "/home/a/workspace/Digital-Systems/Pong/Phase2/UniversalCounter10bitsV5.v" into library work
Parsing module <UniversalCounter10bitsV5>.
Analyzing Verilog file "/home/a/workspace/Digital-Systems/Pong/Phase2/ClockedNegativeOneShot.v" into library work
Parsing module <ClockedNegativeOneShot>.
Analyzing Verilog file "/home/a/workspace/Digital-Systems/Pong/Phase2/vsyncModule.v" into library work
Parsing module <vsyncModule>.
Analyzing Verilog file "/home/a/workspace/Digital-Systems/Pong/Phase2/hsyncModule.v" into library work
Parsing module <hsyncModule>.
Analyzing Verilog file "/home/a/workspace/Digital-Systems/Pong/Phase2/CRTClock.v" into library work
Parsing module <CRTClock>.
Analyzing Verilog file "/home/a/workspace/Digital-Systems/Pong/Phase2/game_module2015.v" into library work
Parsing module <game_module2015>.
Analyzing Verilog file "/home/a/workspace/Digital-Systems/Pong/Phase2/CRTcontroller2015fall.v" into library work
Parsing module <CRTcontroller2015fall>.
Analyzing Verilog file "/home/a/workspace/Digital-Systems/Pong/Phase2/PongWithCRTDriverAJM.v" into library work
Parsing module <PongWithCRTDriverAJM>.

=========================================================================
*                            HDL Elaboration                            *
=========================================================================

Elaborating module <PongWithCRTDriverAJM>.

Elaborating module <CRTcontroller2015fall>.

Elaborating module <hsyncModule>.

Elaborating module <ClockedNegativeOneShot>.

Elaborating module <UniversalCounter10bitsV5>.

Elaborating module <vsyncModule>.

Elaborating module <CRTClock>.
WARNING:HDLCompiler:413 - "/home/a/workspace/Digital-Systems/Pong/Phase2/CRTClock.v" Line 27: Result of 32-bit expression is truncated to fit in 10-bit target.

Elaborating module <game_module2015>.

=========================================================================
*                           HDL Synthesis                               *
=========================================================================

Synthesizing Unit <PongWithCRTDriverAJM>.
    Related source file is "/home/a/workspace/Digital-Systems/Pong/Phase2/PongWithCRTDriverAJM.v".
        NumberofPixels = 10'b1010000000
        NumberofLines = 10'b0111100000
        SystemClockFreq = 10'b0001100100
        CRTClockFreq = 10'b0000011001
    Summary:
	no macro.
Unit <PongWithCRTDriverAJM> synthesized.

Synthesizing Unit <CRTcontroller2015fall>.
    Related source file is "/home/a/workspace/Digital-Systems/Pong/Phase2/CRTcontroller2015fall.v".
        ResolutionSize = 10
        SystemClockSize = 10
        vSynchPulse = 10'b0000000010
        vFrontPorch = 10'b0000001001
        vBackPorch = 10'b0000011101
        hSynchPulse = 10'b0001011111
        hFrontPorch = 10'b0000011001
        hBackPorch = 10'b0000101000
    Summary:
	no macro.
Unit <CRTcontroller2015fall> synthesized.

Synthesizing Unit <hsyncModule>.
    Related source file is "/home/a/workspace/Digital-Systems/Pong/Phase2/hsyncModule.v".
        xresolution = 10
INFO:Xst:3210 - "/home/a/workspace/Digital-Systems/Pong/Phase2/hsyncModule.v" line 38: Output port <TerminalCount> of the instance <XPositionCounter> is unconnected or connected to loadless signal.
    Found 10-bit comparator lessequal for signal <n0005> created at line 32
    Found 10-bit comparator lessequal for signal <n0008> created at line 32
    Summary:
	inferred   2 Comparator(s).
Unit <hsyncModule> synthesized.

Synthesizing Unit <ClockedNegativeOneShot>.
    Related source file is "/home/a/workspace/Digital-Systems/Pong/Phase2/ClockedNegativeOneShot.v".
        State0 = 0
        State1 = 1
        State2 = 2
        State3 = 3
    Found 2-bit register for signal <State>.
    Found finite state machine <FSM_0> for signal <State>.
    -----------------------------------------------------------------------
    | States             | 3                                              |
    | Transitions        | 6                                              |
    | Inputs             | 1                                              |
    | Outputs            | 1                                              |
    | Clock              | CLOCK (rising_edge)                            |
    | Reset              | Reset (positive)                               |
    | Reset type         | synchronous                                    |
    | Reset State        | 01                                             |
    | Encoding           | auto                                           |
    | Implementation     | LUT                                            |
    -----------------------------------------------------------------------
    Summary:
	inferred   1 Finite State Machine(s).
Unit <ClockedNegativeOneShot> synthesized.

Synthesizing Unit <UniversalCounter10bitsV5>.
    Related source file is "/home/a/workspace/Digital-Systems/Pong/Phase2/UniversalCounter10bitsV5.v".
        length = 10
    Found 1-bit register for signal <Q<9>>.
    Found 1-bit register for signal <Q<8>>.
    Found 1-bit register for signal <Q<7>>.
    Found 1-bit register for signal <Q<6>>.
    Found 1-bit register for signal <Q<5>>.
    Found 1-bit register for signal <Q<4>>.
    Found 1-bit register for signal <Q<3>>.
    Found 1-bit register for signal <Q<2>>.
    Found 1-bit register for signal <Q<1>>.
    Found 1-bit register for signal <Q<0>>.
    Found 10-bit subtractor for signal <Q[9]_GND_5_o_sub_7_OUT> created at line 25.
    Found 10-bit adder for signal <Q[9]_GND_5_o_add_3_OUT> created at line 22.
    Found 10-bit 4-to-1 multiplexer for signal <NextQ> created at line 19.
    Found 1-bit 4-to-1 multiplexer for signal <TerminalCount> created at line 19.
    Found 10-bit comparator lessequal for signal <n0001> created at line 21
    Found 10-bit comparator equal for signal <Q[9]_BeginCount[9]_equal_6_o> created at line 24
    Summary:
	inferred   1 Adder/Subtractor(s).
	inferred  10 D-type flip-flop(s).
	inferred   2 Comparator(s).
	inferred  11 Multiplexer(s).
Unit <UniversalCounter10bitsV5> synthesized.

Synthesizing Unit <vsyncModule>.
    Related source file is "/home/a/workspace/Digital-Systems/Pong/Phase2/vsyncModule.v".
        yresolution = 10
INFO:Xst:3210 - "/home/a/workspace/Digital-Systems/Pong/Phase2/vsyncModule.v" line 34: Output port <TerminalCount> of the instance <YPositionCounter> is unconnected or connected to loadless signal.
    Found 10-bit comparator greater for signal <ActiveVideo[9]_ycount[9]_LessThan_2_o> created at line 26
    Found 10-bit comparator lessequal for signal <n0003> created at line 26
    Summary:
	inferred   2 Comparator(s).
Unit <vsyncModule> synthesized.

Synthesizing Unit <CRTClock>.
    Related source file is "/home/a/workspace/Digital-Systems/Pong/Phase2/CRTClock.v".
        SystemClockSize = 10
    Found 10-bit register for signal <counter>.
    Found 10-bit adder for signal <counter[9]_GND_7_o_add_4_OUT> created at line 34.
    Found 10-bit subtractor for signal <MaxCounter> created at line 25.
    Found 10-bit comparator greater for signal <PixelClock> created at line 28
    Found 10-bit comparator equal for signal <counter[9]_MaxCounter[9]_equal_4_o> created at line 33
    Summary:
	inferred   2 Adder/Subtractor(s).
	inferred  10 D-type flip-flop(s).
	inferred   2 Comparator(s).
	inferred   1 Multiplexer(s).
Unit <CRTClock> synthesized.

Synthesizing Unit <div_10u_10u>.
    Related source file is "".
    Found 19-bit adder for signal <GND_8_o_b[9]_add_3_OUT> created at line 0.
    Found 18-bit adder for signal <GND_8_o_b[9]_add_5_OUT> created at line 0.
    Found 17-bit adder for signal <GND_8_o_b[9]_add_7_OUT> created at line 0.
    Found 16-bit adder for signal <GND_8_o_b[9]_add_9_OUT> created at line 0.
    Found 15-bit adder for signal <GND_8_o_b[9]_add_11_OUT> created at line 0.
    Found 14-bit adder for signal <GND_8_o_b[9]_add_13_OUT> created at line 0.
    Found 13-bit adder for signal <GND_8_o_b[9]_add_15_OUT> created at line 0.
    Found 12-bit adder for signal <GND_8_o_b[9]_add_17_OUT> created at line 0.
    Found 11-bit adder for signal <GND_8_o_b[9]_add_19_OUT> created at line 0.
    Found 19-bit comparator lessequal for signal <BUS_0002> created at line 0
    Found 18-bit comparator lessequal for signal <BUS_0003> created at line 0
    Found 17-bit comparator lessequal for signal <BUS_0004> created at line 0
    Found 16-bit comparator lessequal for signal <BUS_0005> created at line 0
    Found 15-bit comparator lessequal for signal <BUS_0006> created at line 0
    Found 14-bit comparator lessequal for signal <BUS_0007> created at line 0
    Found 13-bit comparator lessequal for signal <BUS_0008> created at line 0
    Found 12-bit comparator lessequal for signal <BUS_0009> created at line 0
    Found 11-bit comparator lessequal for signal <BUS_0010> created at line 0
    Found 10-bit comparator lessequal for signal <BUS_0011> created at line 0
    Summary:
	inferred   9 Adder/Subtractor(s).
	inferred  10 Comparator(s).
	inferred  81 Multiplexer(s).
Unit <div_10u_10u> synthesized.

Synthesizing Unit <game_module2015>.
    Related source file is "/home/a/workspace/Digital-Systems/Pong/Phase2/game_module2015.v".
WARNING:Xst:647 - Input <Reset> is never used. This port will be preserved and left unconnected if it belongs to a top-level block or it belongs to a sub-block and the hierarchy of this sub-block is preserved.
    Found 3-bit register for signal <quadBr>.
    Found 9-bit register for signal <paddlePosition>.
    Found 10-bit register for signal <ballX>.
    Found 9-bit register for signal <ballY>.
    Found 1-bit register for signal <bounceX>.
    Found 1-bit register for signal <bounceY>.
    Found 6-bit register for signal <missTimer>.
    Found 1-bit register for signal <ballXdir>.
    Found 1-bit register for signal <ballYdir>.
    Found 3-bit register for signal <quadAr>.
    Found 9-bit subtractor for signal <paddlePosition[8]_GND_9_o_sub_10_OUT> created at line 32.
    Found 10-bit subtractor for signal <ballX[9]_GND_9_o_sub_21_OUT> created at line 54.
    Found 9-bit subtractor for signal <ballY[8]_GND_9_o_sub_24_OUT> created at line 59.
    Found 6-bit subtractor for signal <missTimer[5]_GND_9_o_sub_56_OUT> created at line 107.
    Found 10-bit adder for signal <ballX[9]_GND_9_o_add_19_OUT> created at line 52.
    Found 9-bit adder for signal <ballY[8]_GND_9_o_add_22_OUT> created at line 57.
    Found 10-bit adder for signal <n0160> created at line 72.
    Found 10-bit adder for signal <n0161> created at line 72.
    Found 11-bit adder for signal <n0163> created at line 73.
    Found 10-bit adder for signal <n0165> created at line 73.
    Found 9-bit comparator lessequal for signal <paddlePosition[8]_PWR_11_o_LessThan_6_o> created at line 27
    Found 9-bit comparator lessequal for signal <GND_9_o_paddlePosition[8]_LessThan_9_o> created at line 31
    Found 10-bit comparator greater for signal <xpos[9]_PWR_11_o_LessThan_32_o> created at line 66
    Found 10-bit comparator greater for signal <ypos[9]_GND_9_o_LessThan_33_o> created at line 66
    Found 10-bit comparator lessequal for signal <n0037> created at line 67
    Found 10-bit comparator lessequal for signal <n0040> created at line 68
    Found 10-bit comparator lessequal for signal <n0043> created at line 69
    Found 10-bit comparator lessequal for signal <n0046> created at line 70
    Found 10-bit comparator lessequal for signal <n0053> created at line 72
    Found 10-bit comparator lessequal for signal <n0056> created at line 72
    Found 10-bit comparator lessequal for signal <n0059> created at line 72
    Found 10-bit comparator lessequal for signal <n0062> created at line 72
    Found 10-bit comparator lessequal for signal <n0065> created at line 73
    Found 11-bit comparator lessequal for signal <n0068> created at line 73
    Found 10-bit comparator lessequal for signal <n0071> created at line 73
    Found 10-bit comparator lessequal for signal <n0075> created at line 73
    Summary:
	inferred   8 Adder/Subtractor(s).
	inferred  44 D-type flip-flop(s).
	inferred  16 Comparator(s).
	inferred   1 Multiplexer(s).
Unit <game_module2015> synthesized.

=========================================================================
HDL Synthesis Report

Macro Statistics
# Adders/Subtractors                                   : 21
 10-bit adder                                          : 4
 10-bit addsub                                         : 3
 10-bit subtractor                                     : 1
 11-bit adder                                          : 2
 12-bit adder                                          : 1
 13-bit adder                                          : 1
 14-bit adder                                          : 1
 15-bit adder                                          : 1
 16-bit adder                                          : 1
 17-bit adder                                          : 1
 18-bit adder                                          : 1
 19-bit adder                                          : 1
 6-bit subtractor                                      : 1
 9-bit addsub                                          : 1
 9-bit subtractor                                      : 1
# Registers                                            : 31
 1-bit register                                        : 24
 10-bit register                                       : 2
 3-bit register                                        : 2
 6-bit register                                        : 1
 9-bit register                                        : 2
# Comparators                                          : 36
 10-bit comparator equal                               : 3
 10-bit comparator greater                             : 4
 10-bit comparator lessequal                           : 17
 11-bit comparator lessequal                           : 2
 12-bit comparator lessequal                           : 1
 13-bit comparator lessequal                           : 1
 14-bit comparator lessequal                           : 1
 15-bit comparator lessequal                           : 1
 16-bit comparator lessequal                           : 1
 17-bit comparator lessequal                           : 1
 18-bit comparator lessequal                           : 1
 19-bit comparator lessequal                           : 1
 9-bit comparator lessequal                            : 2
# Multiplexers                                         : 105
 1-bit 2-to-1 multiplexer                              : 80
 1-bit 4-to-1 multiplexer                              : 2
 10-bit 2-to-1 multiplexer                             : 22
 9-bit 2-to-1 multiplexer                              : 1
# FSMs                                                 : 2
# Xors                                                 : 5
 1-bit xor2                                            : 4
 1-bit xor4                                            : 1

=========================================================================
INFO:Xst:1767 - HDL ADVISOR - Resource sharing has identified that some arithmetic operations in this design can share the same physical resources for reduced device utilization. For improved clock frequency you may try to disable resource sharing.

=========================================================================
*                       Advanced HDL Synthesis                          *
=========================================================================


Synthesizing (advanced) Unit <CRTClock>.
The following registers are absorbed into counter <counter>: 1 register on signal <counter>.
Unit <CRTClock> synthesized (advanced).

Synthesizing (advanced) Unit <game_module2015>.
The following registers are absorbed into accumulator <ballX>: 1 register on signal <ballX>.
The following registers are absorbed into accumulator <ballY>: 1 register on signal <ballY>.
The following registers are absorbed into counter <missTimer>: 1 register on signal <missTimer>.
Unit <game_module2015> synthesized (advanced).

=========================================================================
Advanced HDL Synthesis Report

Macro Statistics
# Adders/Subtractors                                   : 17
 10-bit adder                                          : 12
 10-bit addsub                                         : 2
 10-bit subtractor                                     : 1
 11-bit adder                                          : 1
 9-bit subtractor                                      : 1
# Counters                                             : 2
 10-bit up counter                                     : 1
 6-bit down counter                                    : 1
# Accumulators                                         : 2
 10-bit updown accumulator                             : 1
 9-bit updown accumulator                              : 1
# Registers                                            : 39
 Flip-Flops                                            : 39
# Comparators                                          : 36
 10-bit comparator equal                               : 3
 10-bit comparator greater                             : 4
 10-bit comparator lessequal                           : 17
 11-bit comparator lessequal                           : 2
 12-bit comparator lessequal                           : 1
 13-bit comparator lessequal                           : 1
 14-bit comparator lessequal                           : 1
 15-bit comparator lessequal                           : 1
 16-bit comparator lessequal                           : 1
 17-bit comparator lessequal                           : 1
 18-bit comparator lessequal                           : 1
 19-bit comparator lessequal                           : 1
 9-bit comparator lessequal                            : 2
# Multiplexers                                         : 104
 1-bit 2-to-1 multiplexer                              : 80
 1-bit 4-to-1 multiplexer                              : 2
 10-bit 2-to-1 multiplexer                             : 21
 9-bit 2-to-1 multiplexer                              : 1
# FSMs                                                 : 2
# Xors                                                 : 5
 1-bit xor2                                            : 4
 1-bit xor4                                            : 1

=========================================================================

=========================================================================
*                         Low Level Synthesis                           *
=========================================================================
Analyzing FSM <MFsm> for best encoding.
Optimizing FSM <VGAdisplay/hsyncModule/FSM_0> on signal <State[1:3]> with one-hot encoding.
-------------------
 State | Encoding
-------------------
 01    | 001
 00    | 010
 11    | 100
-------------------
Analyzing FSM <MFsm> for best encoding.
Optimizing FSM <VGAdisplay/vsyncModule/FSM_0> on signal <State[1:3]> with one-hot encoding.
-------------------
 State | Encoding
-------------------
 01    | 001
 00    | 010
 11    | 100
-------------------
WARNING:Xst:1710 - FF/Latch <paddlePosition_0> (without init value) has a constant value of 0 in block <game_module2015>. This FF/Latch will be trimmed during the optimization process.
WARNING:Xst:1895 - Due to other FF/Latch trimming, FF/Latch <paddlePosition_1> (without init value) has a constant value of 0 in block <game_module2015>. This FF/Latch will be trimmed during the optimization process.
WARNING:Xst:3002 - This design contains one or more registers/latches that are directly
   incompatible with the Spartan6 architecture. The two primary causes of this is
   either a register or latch described with both an asynchronous set and
   asynchronous reset, or a register or latch described with an asynchronous
   set or reset which however has an initialization value of the opposite 
   polarity (i.e. asynchronous reset with an initialization value of 1).
    While this circuit can be built, it creates a sub-optimal implementation
   in terms of area, power and performance. For a more optimal implementation
   Xilinx highly recommends one of the following:

          1) Remove either the set or reset from all registers and latches
             if not needed for required functionality
          2) Modify the code in order to produce a synchronous set
             and/or reset (both is preferred)
          3) Ensure all registers have the same initialization value as the
             described asynchronous set or reset polarity
          4) Use the -async_to_sync option to transform the asynchronous
             set/reset to synchronous operation
             (timing simulation highly recommended when using this option)

  Please refer to http://www.xilinx.com search string "Spartan6 asynchronous set/reset" for more details.

  List of register instances with asynchronous set and reset:
    Q_0 in unit <UniversalCounter10bitsV5>
    Q_1 in unit <UniversalCounter10bitsV5>
    Q_3 in unit <UniversalCounter10bitsV5>
    Q_4 in unit <UniversalCounter10bitsV5>
    Q_2 in unit <UniversalCounter10bitsV5>
    Q_6 in unit <UniversalCounter10bitsV5>
    Q_7 in unit <UniversalCounter10bitsV5>
    Q_5 in unit <UniversalCounter10bitsV5>
    Q_9 in unit <UniversalCounter10bitsV5>
    Q_8 in unit <UniversalCounter10bitsV5>


Optimizing unit <PongWithCRTDriverAJM> ...

Optimizing unit <hsyncModule> ...

Optimizing unit <UniversalCounter10bitsV5> ...

Optimizing unit <vsyncModule> ...

Optimizing unit <game_module2015> ...
WARNING:Xst:1710 - FF/Latch <ballX_0> (without init value) has a constant value of 0 in block <game_module2015>. This FF/Latch will be trimmed during the optimization process.
WARNING:Xst:1895 - Due to other FF/Latch trimming, FF/Latch <ballY_0> (without init value) has a constant value of 0 in block <game_module2015>. This FF/Latch will be trimmed during the optimization process.
WARNING:Xst:1710 - FF/Latch <VGAdisplay/CRTclockUnit2015fall/counter_2> (without init value) has a constant value of 0 in block <PongWithCRTDriverAJM>. This FF/Latch will be trimmed during the optimization process.
WARNING:Xst:1895 - Due to other FF/Latch trimming, FF/Latch <VGAdisplay/CRTclockUnit2015fall/counter_3> (without init value) has a constant value of 0 in block <PongWithCRTDriverAJM>. This FF/Latch will be trimmed during the optimization process.
WARNING:Xst:1895 - Due to other FF/Latch trimming, FF/Latch <VGAdisplay/CRTclockUnit2015fall/counter_4> (without init value) has a constant value of 0 in block <PongWithCRTDriverAJM>. This FF/Latch will be trimmed during the optimization process.
WARNING:Xst:1895 - Due to other FF/Latch trimming, FF/Latch <VGAdisplay/CRTclockUnit2015fall/counter_5> (without init value) has a constant value of 0 in block <PongWithCRTDriverAJM>. This FF/Latch will be trimmed during the optimization process.
WARNING:Xst:1895 - Due to other FF/Latch trimming, FF/Latch <VGAdisplay/CRTclockUnit2015fall/counter_6> (without init value) has a constant value of 0 in block <PongWithCRTDriverAJM>. This FF/Latch will be trimmed during the optimization process.
WARNING:Xst:1895 - Due to other FF/Latch trimming, FF/Latch <VGAdisplay/CRTclockUnit2015fall/counter_7> (without init value) has a constant value of 0 in block <PongWithCRTDriverAJM>. This FF/Latch will be trimmed during the optimization process.
WARNING:Xst:1895 - Due to other FF/Latch trimming, FF/Latch <VGAdisplay/CRTclockUnit2015fall/counter_8> (without init value) has a constant value of 0 in block <PongWithCRTDriverAJM>. This FF/Latch will be trimmed during the optimization process.
WARNING:Xst:1895 - Due to other FF/Latch trimming, FF/Latch <VGAdisplay/CRTclockUnit2015fall/counter_9> (without init value) has a constant value of 0 in block <PongWithCRTDriverAJM>. This FF/Latch will be trimmed during the optimization process.
WARNING:Xst:1895 - Due to other FF/Latch trimming, FF/Latch <game_inst/ballY_0> (without init value) has a constant value of 0 in block <PongWithCRTDriverAJM>. This FF/Latch will be trimmed during the optimization process.
WARNING:Xst:1895 - Due to other FF/Latch trimming, FF/Latch <game_inst/ballX_0> (without init value) has a constant value of 0 in block <PongWithCRTDriverAJM>. This FF/Latch will be trimmed during the optimization process.
INFO:Xst:2261 - The FF/Latch <game_inst/ballY_1> in Unit <PongWithCRTDriverAJM> is equivalent to the following FF/Latch, which will be removed : <game_inst/ballX_1> 

Mapping all equations...
Building and optimizing final netlist ...
Found area constraint ratio of 100 (+ 5) on block PongWithCRTDriverAJM, actual ratio is 3.
FlipFlop VGAdisplay/hsyncModule/XPositionCounter/Q_0 has been replicated 1 time(s)
FlipFlop VGAdisplay/hsyncModule/XPositionCounter/Q_1 has been replicated 1 time(s)
FlipFlop VGAdisplay/hsyncModule/XPositionCounter/Q_2 has been replicated 2 time(s)
FlipFlop VGAdisplay/hsyncModule/XPositionCounter/Q_3 has been replicated 2 time(s)
FlipFlop VGAdisplay/hsyncModule/XPositionCounter/Q_4 has been replicated 2 time(s)
FlipFlop VGAdisplay/hsyncModule/XPositionCounter/Q_5 has been replicated 2 time(s)
FlipFlop VGAdisplay/hsyncModule/XPositionCounter/Q_6 has been replicated 1 time(s)
FlipFlop VGAdisplay/vsyncModule/YPositionCounter/Q_0 has been replicated 1 time(s)
FlipFlop VGAdisplay/vsyncModule/YPositionCounter/Q_1 has been replicated 1 time(s)
FlipFlop VGAdisplay/vsyncModule/YPositionCounter/Q_2 has been replicated 1 time(s)
FlipFlop VGAdisplay/vsyncModule/YPositionCounter/Q_3 has been replicated 1 time(s)
FlipFlop VGAdisplay/vsyncModule/YPositionCounter/Q_4 has been replicated 1 time(s)
FlipFlop VGAdisplay/vsyncModule/YPositionCounter/Q_5 has been replicated 2 time(s)
FlipFlop VGAdisplay/vsyncModule/YPositionCounter/Q_6 has been replicated 1 time(s)

Final Macro Processing ...

Processing Unit <PongWithCRTDriverAJM> :
	Found 2-bit shift register for signal <game_inst/quadAr_1>.
	Found 2-bit shift register for signal <game_inst/quadBr_1>.
Unit <PongWithCRTDriverAJM> processed.

=========================================================================
Final Register Report

Macro Statistics
# Registers                                            : 80
 Flip-Flops                                            : 80
# Shift Registers                                      : 2
 2-bit shift register                                  : 2

=========================================================================

=========================================================================
*                           Partition Report                            *
=========================================================================

Partition Implementation Status
-------------------------------

  No Partitions were found in this design.

-------------------------------

=========================================================================
*                            Design Summary                             *
=========================================================================

Top Level Output File Name         : PongWithCRTDriverAJM.ngc

Primitive and Black Box Usage:
------------------------------
# BELS                             : 404
#      GND                         : 1
#      INV                         : 6
#      LUT2                        : 37
#      LUT3                        : 23
#      LUT4                        : 78
#      LUT5                        : 85
#      LUT6                        : 107
#      MUXCY                       : 50
#      MUXF7                       : 14
#      VCC                         : 1
#      XORCY                       : 2
# FlipFlops/Latches                : 82
#      FD                          : 8
#      FDC                         : 41
#      FDE                         : 9
#      FDR                         : 4
#      FDRE                        : 8
#      FDS                         : 2
#      FDSE                        : 10
# Shift Registers                  : 2
#      SRLC16E                     : 2
# Clock Buffers                    : 1
#      BUFGP                       : 1
# IO Buffers                       : 13
#      IBUF                        : 3
#      OBUF                        : 10

Device utilization summary:
---------------------------

Selected Device : 6slx16csg324-3 


Slice Logic Utilization: 
 Number of Slice Registers:              82  out of  18224     0%  
 Number of Slice LUTs:                  338  out of   9112     3%  
    Number used as Logic:               336  out of   9112     3%  
    Number used as Memory:                2  out of   2176     0%  
       Number used as SRL:                2

Slice Logic Distribution: 
 Number of LUT Flip Flop pairs used:    355
   Number with an unused Flip Flop:     273  out of    355    76%  
   Number with an unused LUT:            17  out of    355     4%  
   Number of fully used LUT-FF pairs:    65  out of    355    18%  
   Number of unique control sets:         9

IO Utilization: 
 Number of IOs:                          14
 Number of bonded IOBs:                  14  out of    232     6%  

Specific Feature Utilization:
 Number of BUFG/BUFGCTRLs:                1  out of     16     6%  

---------------------------
Partition Resource Summary:
---------------------------

  No Partitions were found in this design.

---------------------------


=========================================================================
Timing Report

NOTE: THESE TIMING NUMBERS ARE ONLY A SYNTHESIS ESTIMATE.
      FOR ACCURATE TIMING INFORMATION PLEASE REFER TO THE TRACE REPORT
      GENERATED AFTER PLACE-and-ROUTE.

Clock Information:
------------------
-----------------------------------+------------------------+-------+
Clock Signal                       | Clock buffer(FF name)  | Load  |
-----------------------------------+------------------------+-------+
Clock                              | BUFGP                  | 84    |
-----------------------------------+------------------------+-------+

Asynchronous Control Signals Information:
----------------------------------------
No asynchronous control signals found in this design

Timing Summary:
---------------
Speed Grade: -3

   Minimum period: 6.048ns (Maximum Frequency: 165.353MHz)
   Minimum input arrival time before clock: 3.128ns
   Maximum output required time after clock: 9.913ns
   Maximum combinational path delay: No path found

Timing Details:
---------------
All values displayed in nanoseconds (ns)

=========================================================================
Timing constraint: Default period analysis for Clock 'Clock'
  Clock period: 6.048ns (frequency: 165.353MHz)
  Total number of paths / destination ports: 15198 / 127
-------------------------------------------------------------------------
Delay:               6.048ns (Levels of Logic = 5)
  Source:            VGAdisplay/vsyncModule/YPositionCounter/Q_8 (FF)
  Destination:       VGAdisplay/vsyncModule/YPositionCounter/Q_9 (FF)
  Source Clock:      Clock rising
  Destination Clock: Clock rising

  Data Path: VGAdisplay/vsyncModule/YPositionCounter/Q_8 to VGAdisplay/vsyncModule/YPositionCounter/Q_9
                                Gate     Net
    Cell:in->out      fanout   Delay   Delay  Logical Name (Net Name)
    ----------------------------------------  ------------
     FDC:C->Q             17   0.447   1.132  VGAdisplay/vsyncModule/YPositionCounter/Q_8 (VGAdisplay/vsyncModule/YPositionCounter/Q_8)
     LUT5:I3->O           12   0.203   0.908  VGAdisplay/vsyncModule/YPositionCounter/Q[9]_BeginCount[9]_equal_6_o10_SW0 (N9)
     MUXF7:S->O            7   0.148   1.002  VGAdisplay/vsyncModule/YPositionCounter/Mmux_NextQ3_rs_cy<2>11_SW0 (N29)
     LUT6:I3->O            4   0.205   0.912  VGAdisplay/vsyncModule/YPositionCounter/Mmux_NextQ3_rs_cy<2>11 (VGAdisplay/vsyncModule/YPositionCounter/Mmux_NextQ3_rs_cy<2>1)
     LUT6:I3->O            1   0.205   0.580  VGAdisplay/vsyncModule/YPositionCounter/Mmux_NextQ3_rs_cy<5>1_SW0_SW1 (N119)
     LUT6:I5->O            1   0.205   0.000  VGAdisplay/vsyncModule/YPositionCounter/Mmux_NextQ3_rs_xor<9>11 (VGAdisplay/vsyncModule/YPositionCounter/Mmux_NextQ3_split<9>)
     FDC:D                     0.102          VGAdisplay/vsyncModule/YPositionCounter/Q_9
    ----------------------------------------
    Total                      6.048ns (1.515ns logic, 4.533ns route)
                                       (25.1% logic, 74.9% route)

=========================================================================
Timing constraint: Default OFFSET IN BEFORE for Clock 'Clock'
  Total number of paths / destination ports: 47 / 47
-------------------------------------------------------------------------
Offset:              3.128ns (Levels of Logic = 1)
  Source:            Reset (PAD)
  Destination:       VGAdisplay/CRTclockUnit2015fall/counter_0 (FF)
  Destination Clock: Clock rising

  Data Path: Reset to VGAdisplay/CRTclockUnit2015fall/counter_0
                                Gate     Net
    Cell:in->out      fanout   Delay   Delay  Logical Name (Net Name)
    ----------------------------------------  ------------
     IBUF:I->O            45   1.222   1.476  Reset_IBUF (Reset_IBUF)
     FDC:CLR                   0.430          VGAdisplay/CRTclockUnit2015fall/counter_0
    ----------------------------------------
    Total                      3.128ns (1.652ns logic, 1.476ns route)
                                       (52.8% logic, 47.2% route)

=========================================================================
Timing constraint: Default OFFSET OUT AFTER for Clock 'Clock'
  Total number of paths / destination ports: 1652 / 6
-------------------------------------------------------------------------
Offset:              9.913ns (Levels of Logic = 7)
  Source:            game_inst/ballY_1 (FF)
  Destination:       blue<0> (PAD)
  Source Clock:      Clock rising

  Data Path: game_inst/ballY_1 to blue<0>
                                Gate     Net
    Cell:in->out      fanout   Delay   Delay  Logical Name (Net Name)
    ----------------------------------------  ------------
     FDRE:C->Q            27   0.447   1.221  game_inst/ballY_1 (game_inst/ballY_1)
     LUT5:I4->O            4   0.205   0.684  game_inst/Madd_n0163_cy<5>11 (game_inst/Madd_n0163_cy<5>)
     LUT5:I4->O            2   0.205   0.961  game_inst/Madd_n0163_xor<9>11 (game_inst/n0163<9>)
     LUT5:I0->O            0   0.203   0.000  game_inst/Mcompar_GND_9_o_BUS_0006_LessThan_46_o_lutdi4 (game_inst/Mcompar_GND_9_o_BUS_0006_LessThan_46_o_lutdi4)
     MUXCY:DI->O           9   0.339   1.077  game_inst/Mcompar_GND_9_o_BUS_0006_LessThan_46_o_cy<4> (game_inst/GND_9_o_BUS_0006_LessThan_46_o)
     LUT4:I0->O            3   0.203   1.015  game_inst/ball1 (game_inst/ball)
     LUT6:I0->O            1   0.203   0.579  game_inst/blue<0> (blue_0_OBUF)
     OBUF:I->O                 2.571          blue_0_OBUF (blue<0>)
    ----------------------------------------
    Total                      9.913ns (4.376ns logic, 5.537ns route)
                                       (44.1% logic, 55.9% route)

=========================================================================

Cross Clock Domains Report:
--------------------------

Clock to Setup on destination clock Clock
---------------+---------+---------+---------+---------+
               | Src:Rise| Src:Fall| Src:Rise| Src:Fall|
Source Clock   |Dest:Rise|Dest:Rise|Dest:Fall|Dest:Fall|
---------------+---------+---------+---------+---------+
Clock          |    6.048|         |         |         |
---------------+---------+---------+---------+---------+

=========================================================================


Total REAL time to Xst completion: 7.00 secs
Total CPU time to Xst completion: 7.02 secs
 
--> 


Total memory usage is 389408 kilobytes

Number of errors   :    0 (   0 filtered)
Number of warnings :   17 (   0 filtered)
Number of infos    :    4 (   0 filtered)

